<?xml version="1.0" encoding="UTF-8"?>
<testng-results ignored="0" total="2" passed="2" failed="0" skipped="0">
  <reporter-output>
  </reporter-output>
  <suite started-at="2022-05-24T15:45:34 EAT" name="Default suite" finished-at="2022-05-24T15:45:46 EAT" duration-ms="12471">
    <groups>
    </groups>
    <test started-at="2022-05-24T15:45:34 EAT" name="Default test" finished-at="2022-05-24T15:45:46 EAT" duration-ms="12471">
      <class name="assets.Entities">
        <test-method signature="filterTransportersByAccountMgr(java.lang.String,java.lang.String)[pri:0, instance:assets.Entities@b62d79]" started-at="2022-05-24T15:45:34 EAT" name="filterTransportersByAccountMgr" data-provider="accMgrId" finished-at="2022-05-24T15:45:42 EAT" duration-ms="8690" status="PASS">
          <params>
            <param index="0">
              <value>
                <![CDATA[1]]>
              </value>
            </param>
            <param index="1">
              <value>
                <![CDATA[Abdalla Salim]]>
              </value>
            </param>
          </params>
          <reporter-output>
          </reporter-output>
        </test-method> <!-- filterTransportersByAccountMgr -->
        <test-method signature="filterTransportersByAccountMgr(java.lang.String,java.lang.String)[pri:0, instance:assets.Entities@b62d79]" started-at="2022-05-24T15:45:42 EAT" name="filterTransportersByAccountMgr" data-provider="accMgrId" finished-at="2022-05-24T15:45:46 EAT" duration-ms="3723" status="PASS">
          <params>
            <param index="0">
              <value>
                <![CDATA[2]]>
              </value>
            </param>
            <param index="1">
              <value>
                <![CDATA[Christo Oneya]]>
              </value>
            </param>
          </params>
          <reporter-output>
          </reporter-output>
        </test-method> <!-- filterTransportersByAccountMgr -->
      </class> <!-- assets.Entities -->
    </test> <!-- Default test -->
  </suite> <!-- Default suite -->
</testng-results>
